<?xml version="1.0" encoding="utf-8"?><testsuites><testsuite name="pytest" errors="0" failures="0" skipped="0" tests="4" time="561.274" timestamp="2024-12-11T11:32:19.306784+08:00" hostname="ASP-2103-0004"><testcase classname="testCases.asp.test_module_name_1" name="test_case_1[/s-park/statistics/api/vehicle/getTodayInout-POST-request_data0-assert_data0-headers0-store_var0-asp]" time="560.539" /><testcase classname="testCases.asp.test_module_name_1" name="test_case_2[/statistics/iocLargeScreen/electricData-POST-request_data0-assert_data0-headers0-store_var0-asp]" time="0.233" /><testcase classname="testCases.huanp.test_module_name_1" name="test_case_1[/ipark-ioc/electric/tenant/statistics-POST-request_data0-assert_data0-headers0-store_var0-huanp]" time="0.331" /><testcase classname="testCases.huanp.test_module_name_1" name="test_case_2[/ipark-ioc/inout/vehicleNumber-POST-request_data0-assert_data0-headers0-store_var0-huanp]" time="0.130" /></testsuite></testsuites>