<?xml version="1.0" encoding="utf-8"?><testsuites><testsuite name="pytest" errors="0" failures="0" skipped="0" tests="2" time="150.018" timestamp="2024-12-03T15:33:42.799220+08:00" hostname="ASP-2103-0004"><testcase classname="testCases.ams.test_module_name_1" name="test_case_1[/s-park/statistics/api/vehicle/getTodayInout-POST-request_data0-assert_data0-headers0-store_var0]" time="138.663" /><testcase classname="testCases.ams.test_module_name_1" name="test_case_2[/statistics/iocLargeScreen/electricData-POST-request_data0-assert_data0-headers0-store_var0]" time="11.299" /></testsuite></testsuites>