<?xml version="1.0" encoding="utf-8"?><testsuites><testsuite name="pytest" errors="0" failures="0" skipped="0" tests="2" time="163.563" timestamp="2024-12-09T15:26:20.958417+08:00" hostname="ASP-2103-0004"><testcase classname="testCases.ams.test_module_name_1" name="test_case_1[/s-park/statistics/api/vehicle/getTodayInout-POST-request_data0-assert_data0-headers0-store_var0]" time="163.319" /><testcase classname="testCases.ams.test_module_name_1" name="test_case_2[/statistics/iocLargeScreen/electricData-POST-request_data0-assert_data0-headers0-store_var0]" time="0.202" /></testsuite></testsuites>